[     195ms] [INFO] %cDownload the React DevTools for a better development experience: https://react.dev/link/react-devtools font-weight:bold @ http://localhost:3000/_next/static/chunks/09q._next_dist_0hjurs0._.js:2431
[     203ms] [LOG] [HMR] connected @ http://localhost:3000/_next/static/chunks/09q._next_dist_0hjurs0._.js:2431
[   26782ms] [LOG] [Fast Refresh] rebuilding @ http://localhost:3000/_next/static/chunks/09q._next_dist_0hjurs0._.js:2431
[   26896ms] [LOG] [Fast Refresh] done in 35ms @ http://localhost:3000/_next/static/chunks/09q._next_dist_0hjurs0._.js:2431
[   52810ms] [LOG] [Fast Refresh] rebuilding @ http://localhost:3000/_next/static/chunks/09q._next_dist_0hjurs0._.js:2431
[   52858ms] [LOG] [Fast Refresh] done in 49ms @ http://localhost:3000/_next/static/chunks/09q._next_dist_0hjurs0._.js:2431
[   98372ms] [ERROR] WebSocket connection to 'ws://localhost:3000/_next/webpack-hmr?id=zZQJlceweFY-l-wxSiPSC' failed: Error in connection establishment: net::ERR_CONNECTION_REFUSED @ http://localhost:3000/_next/static/chunks/09q._next_dist_client_0slhn09._.js:13299
[   99378ms] [ERROR] WebSocket connection to 'ws://localhost:3000/_next/webpack-hmr?id=zZQJlceweFY-l-wxSiPSC' failed: Error in connection establishment: net::ERR_CONNECTION_REFUSED @ http://localhost:3000/_next/static/chunks/09q._next_dist_client_0slhn09._.js:13299
[  100385ms] [ERROR] WebSocket connection to 'ws://localhost:3000/_next/webpack-hmr?id=zZQJlceweFY-l-wxSiPSC' failed: Error in connection establishment: net::ERR_CONNECTION_REFUSED @ http://localhost:3000/_next/static/chunks/09q._next_dist_client_0slhn09._.js:13299
[  101388ms] [ERROR] WebSocket connection to 'ws://localhost:3000/_next/webpack-hmr?id=zZQJlceweFY-l-wxSiPSC' failed: Error in connection establishment: net::ERR_CONNECTION_REFUSED @ http://localhost:3000/_next/static/chunks/09q._next_dist_client_0slhn09._.js:13299
[  102393ms] [ERROR] WebSocket connection to 'ws://localhost:3000/_next/webpack-hmr?id=zZQJlceweFY-l-wxSiPSC' failed: Error in connection establishment: net::ERR_CONNECTION_REFUSED @ http://localhost:3000/_next/static/chunks/09q._next_dist_client_0slhn09._.js:13299
[  107396ms] [ERROR] WebSocket connection to 'ws://localhost:3000/_next/webpack-hmr?id=zZQJlceweFY-l-wxSiPSC' failed: Error in connection establishment: net::ERR_CONNECTION_REFUSED @ http://localhost:3000/_next/static/chunks/09q._next_dist_client_0slhn09._.js:13299
[  112400ms] [ERROR] WebSocket connection to 'ws://localhost:3000/_next/webpack-hmr?id=zZQJlceweFY-l-wxSiPSC' failed: Error in connection establishment: net::ERR_CONNECTION_REFUSED @ http://localhost:3000/_next/static/chunks/09q._next_dist_client_0slhn09._.js:13299
[  117402ms] [ERROR] WebSocket connection to 'ws://localhost:3000/_next/webpack-hmr?id=zZQJlceweFY-l-wxSiPSC' failed: Error in connection establishment: net::ERR_CONNECTION_REFUSED @ http://localhost:3000/_next/static/chunks/09q._next_dist_client_0slhn09._.js:13299
[  122408ms] [ERROR] WebSocket connection to 'ws://localhost:3000/_next/webpack-hmr?id=zZQJlceweFY-l-wxSiPSC' failed: Error in connection establishment: net::ERR_CONNECTION_REFUSED @ http://localhost:3000/_next/static/chunks/09q._next_dist_client_0slhn09._.js:13299
[  127411ms] [ERROR] WebSocket connection to 'ws://localhost:3000/_next/webpack-hmr?id=zZQJlceweFY-l-wxSiPSC' failed: Error in connection establishment: net::ERR_CONNECTION_REFUSED @ http://localhost:3000/_next/static/chunks/09q._next_dist_client_0slhn09._.js:13299
[  132415ms] [ERROR] WebSocket connection to 'ws://localhost:3000/_next/webpack-hmr?id=zZQJlceweFY-l-wxSiPSC' failed: Error in connection establishment: net::ERR_CONNECTION_REFUSED @ http://localhost:3000/_next/static/chunks/09q._next_dist_client_0slhn09._.js:13299
[  137420ms] [ERROR] WebSocket connection to 'ws://localhost:3000/_next/webpack-hmr?id=zZQJlceweFY-l-wxSiPSC' failed: Error in connection establishment: net::ERR_CONNECTION_REFUSED @ http://localhost:3000/_next/static/chunks/09q._next_dist_client_0slhn09._.js:13299
[  534052ms] [INFO] %cDownload the React DevTools for a better development experience: https://react.dev/link/react-devtools font-weight:bold @ http://localhost:3000/_next/static/chunks/09q._next_dist_0hjurs0._.js:2431
[  534096ms] [LOG] [HMR] connected @ http://localhost:3000/_next/static/chunks/09q._next_dist_0hjurs0._.js:2431
[  752001ms] [ERROR] WebSocket connection to 'ws://localhost:3000/_next/webpack-hmr?id=CN0EgF-e8LaBFJePiqBzG' failed: Error in connection establishment: net::ERR_CONNECTION_REFUSED @ http://localhost:3000/_next/static/chunks/09q._next_dist_client_0slhn09._.js:13299
[  753003ms] [ERROR] WebSocket connection to 'ws://localhost:3000/_next/webpack-hmr?id=CN0EgF-e8LaBFJePiqBzG' failed: Error in connection establishment: net::ERR_CONNECTION_REFUSED @ http://localhost:3000/_next/static/chunks/09q._next_dist_client_0slhn09._.js:13299
[  754007ms] [ERROR] WebSocket connection to 'ws://localhost:3000/_next/webpack-hmr?id=CN0EgF-e8LaBFJePiqBzG' failed: Error in connection establishment: net::ERR_CONNECTION_REFUSED @ http://localhost:3000/_next/static/chunks/09q._next_dist_client_0slhn09._.js:13299
[  755009ms] [ERROR] WebSocket connection to 'ws://localhost:3000/_next/webpack-hmr?id=CN0EgF-e8LaBFJePiqBzG' failed: Error in connection establishment: net::ERR_CONNECTION_REFUSED @ http://localhost:3000/_next/static/chunks/09q._next_dist_client_0slhn09._.js:13299
[  756011ms] [ERROR] WebSocket connection to 'ws://localhost:3000/_next/webpack-hmr?id=CN0EgF-e8LaBFJePiqBzG' failed: Error in connection establishment: net::ERR_CONNECTION_REFUSED @ http://localhost:3000/_next/static/chunks/09q._next_dist_client_0slhn09._.js:13299
[  761015ms] [ERROR] WebSocket connection to 'ws://localhost:3000/_next/webpack-hmr?id=CN0EgF-e8LaBFJePiqBzG' failed: Error in connection establishment: net::ERR_CONNECTION_REFUSED @ http://localhost:3000/_next/static/chunks/09q._next_dist_client_0slhn09._.js:13299
[  766019ms] [ERROR] WebSocket connection to 'ws://localhost:3000/_next/webpack-hmr?id=CN0EgF-e8LaBFJePiqBzG' failed: Error in connection establishment: net::ERR_CONNECTION_REFUSED @ http://localhost:3000/_next/static/chunks/09q._next_dist_client_0slhn09._.js:13299
[  771023ms] [ERROR] WebSocket connection to 'ws://localhost:3000/_next/webpack-hmr?id=CN0EgF-e8LaBFJePiqBzG' failed: Error in connection establishment: net::ERR_CONNECTION_REFUSED @ http://localhost:3000/_next/static/chunks/09q._next_dist_client_0slhn09._.js:13299
[  776026ms] [ERROR] WebSocket connection to 'ws://localhost:3000/_next/webpack-hmr?id=CN0EgF-e8LaBFJePiqBzG' failed: Error in connection establishment: net::ERR_CONNECTION_REFUSED @ http://localhost:3000/_next/static/chunks/09q._next_dist_client_0slhn09._.js:13299
[  781029ms] [ERROR] WebSocket connection to 'ws://localhost:3000/_next/webpack-hmr?id=CN0EgF-e8LaBFJePiqBzG' failed: Error in connection establishment: net::ERR_CONNECTION_REFUSED @ http://localhost:3000/_next/static/chunks/09q._next_dist_client_0slhn09._.js:13299
[  786033ms] [ERROR] WebSocket connection to 'ws://localhost:3000/_next/webpack-hmr?id=CN0EgF-e8LaBFJePiqBzG' failed: Error in connection establishment: net::ERR_CONNECTION_REFUSED @ http://localhost:3000/_next/static/chunks/09q._next_dist_client_0slhn09._.js:13299
[  791036ms] [ERROR] WebSocket connection to 'ws://localhost:3000/_next/webpack-hmr?id=CN0EgF-e8LaBFJePiqBzG' failed: Error in connection establishment: net::ERR_CONNECTION_REFUSED @ http://localhost:3000/_next/static/chunks/09q._next_dist_client_0slhn09._.js:13299
[ 1187730ms] [INFO] %cDownload the React DevTools for a better development experience: https://react.dev/link/react-devtools font-weight:bold @ http://localhost:3000/_next/static/chunks/09q._next_dist_0hjurs0._.js:2431
[ 1187772ms] [LOG] [HMR] connected @ http://localhost:3000/_next/static/chunks/09q._next_dist_0hjurs0._.js:2431
[ 1277946ms] [LOG] [Fast Refresh] rebuilding @ http://localhost:3000/_next/static/chunks/09q._next_dist_0hjurs0._.js:2431
[ 1278538ms] [LOG] [Fast Refresh] done in 612ms @ http://localhost:3000/_next/static/chunks/09q._next_dist_0hjurs0._.js:2431
[ 1278692ms] [LOG] [Fast Refresh] rebuilding @ http://localhost:3000/_next/static/chunks/09q._next_dist_0hjurs0._.js:2431
[ 1278717ms] [LOG] [Fast Refresh] done in 127ms @ http://localhost:3000/_next/static/chunks/09q._next_dist_0hjurs0._.js:2431
[ 1299565ms] [LOG] [Fast Refresh] rebuilding @ http://localhost:3000/_next/static/chunks/09q._next_dist_0hjurs0._.js:2431
[ 1299608ms] [LOG] [Fast Refresh] done in 29ms @ http://localhost:3000/_next/static/chunks/09q._next_dist_0hjurs0._.js:2431
[ 1320069ms] [LOG] [Fast Refresh] rebuilding @ http://localhost:3000/_next/static/chunks/09q._next_dist_0hjurs0._.js:2431
[ 1320178ms] [LOG] [Fast Refresh] done in 212ms @ http://localhost:3000/_next/static/chunks/09q._next_dist_0hjurs0._.js:2431
[ 5090430ms] [ERROR] WebSocket connection to 'ws://localhost:3000/_next/webpack-hmr?id=5tIdzswUYPPCxvHxp2a2k' failed: Error in connection establishment: net::ERR_CONNECTION_REFUSED @ http://localhost:3000/_next/static/chunks/09q._next_dist_client_0slhn09._.js:13299
[ 5091435ms] [ERROR] WebSocket connection to 'ws://localhost:3000/_next/webpack-hmr?id=5tIdzswUYPPCxvHxp2a2k' failed: Error in connection establishment: net::ERR_CONNECTION_REFUSED @ http://localhost:3000/_next/static/chunks/09q._next_dist_client_0slhn09._.js:13299
[ 5092438ms] [ERROR] WebSocket connection to 'ws://localhost:3000/_next/webpack-hmr?id=5tIdzswUYPPCxvHxp2a2k' failed: Error in connection establishment: net::ERR_CONNECTION_REFUSED @ http://localhost:3000/_next/static/chunks/09q._next_dist_client_0slhn09._.js:13299
[ 5093444ms] [ERROR] WebSocket connection to 'ws://localhost:3000/_next/webpack-hmr?id=5tIdzswUYPPCxvHxp2a2k' failed: Error in connection establishment: net::ERR_CONNECTION_REFUSED @ http://localhost:3000/_next/static/chunks/09q._next_dist_client_0slhn09._.js:13299
[ 5094449ms] [ERROR] WebSocket connection to 'ws://localhost:3000/_next/webpack-hmr?id=5tIdzswUYPPCxvHxp2a2k' failed: Error in connection establishment: net::ERR_CONNECTION_REFUSED @ http://localhost:3000/_next/static/chunks/09q._next_dist_client_0slhn09._.js:13299
[ 5099458ms] [ERROR] WebSocket connection to 'ws://localhost:3000/_next/webpack-hmr?id=5tIdzswUYPPCxvHxp2a2k' failed: Error in connection establishment: net::ERR_CONNECTION_REFUSED @ http://localhost:3000/_next/static/chunks/09q._next_dist_client_0slhn09._.js:13299
[ 5104473ms] [ERROR] WebSocket connection to 'ws://localhost:3000/_next/webpack-hmr?id=5tIdzswUYPPCxvHxp2a2k' failed: Error in connection establishment: net::ERR_CONNECTION_REFUSED @ http://localhost:3000/_next/static/chunks/09q._next_dist_client_0slhn09._.js:13299
[ 5109496ms] [ERROR] WebSocket connection to 'ws://localhost:3000/_next/webpack-hmr?id=5tIdzswUYPPCxvHxp2a2k' failed: Error in connection establishment: net::ERR_CONNECTION_REFUSED @ http://localhost:3000/_next/static/chunks/09q._next_dist_client_0slhn09._.js:13299
[ 5114531ms] [ERROR] WebSocket connection to 'ws://localhost:3000/_next/webpack-hmr?id=5tIdzswUYPPCxvHxp2a2k' failed: Error in connection establishment: net::ERR_CONNECTION_REFUSED @ http://localhost:3000/_next/static/chunks/09q._next_dist_client_0slhn09._.js:13299
[ 5119583ms] [ERROR] WebSocket connection to 'ws://localhost:3000/_next/webpack-hmr?id=5tIdzswUYPPCxvHxp2a2k' failed: Error in connection establishment: net::ERR_CONNECTION_REFUSED @ http://localhost:3000/_next/static/chunks/09q._next_dist_client_0slhn09._.js:13299
[ 5124742ms] [ERROR] WebSocket connection to 'ws://localhost:3000/_next/webpack-hmr?id=5tIdzswUYPPCxvHxp2a2k' failed: Error in connection establishment: net::ERR_CONNECTION_REFUSED @ http://localhost:3000/_next/static/chunks/09q._next_dist_client_0slhn09._.js:13299
[ 5129893ms] [ERROR] WebSocket connection to 'ws://localhost:3000/_next/webpack-hmr?id=5tIdzswUYPPCxvHxp2a2k' failed: Error in connection establishment: net::ERR_CONNECTION_REFUSED @ http://localhost:3000/_next/static/chunks/09q._next_dist_client_0slhn09._.js:13299
[ 5526542ms] [INFO] %cDownload the React DevTools for a better development experience: https://react.dev/link/react-devtools font-weight:bold @ http://localhost:3000/_next/static/chunks/09q._next_dist_0hjurs0._.js:2431
[ 5526583ms] [LOG] [HMR] connected @ http://localhost:3000/_next/static/chunks/09q._next_dist_0hjurs0._.js:2431
[ 6378356ms] [LOG] [Fast Refresh] rebuilding @ http://localhost:3000/_next/static/chunks/09q._next_dist_0hjurs0._.js:2431
[ 6378677ms] [LOG] [Fast Refresh] done in 385ms @ http://localhost:3000/_next/static/chunks/09q._next_dist_0hjurs0._.js:2431
[ 6398461ms] [LOG] [Fast Refresh] rebuilding @ http://localhost:3000/_next/static/chunks/09q._next_dist_0hjurs0._.js:2431
[ 6398540ms] [LOG] [Fast Refresh] done in 42ms @ http://localhost:3000/_next/static/chunks/09q._next_dist_0hjurs0._.js:2431
[ 6457361ms] [LOG] [Fast Refresh] rebuilding @ http://localhost:3000/_next/static/chunks/09q._next_dist_0hjurs0._.js:2431
[ 6457431ms] [LOG] [Fast Refresh] done in 52ms @ http://localhost:3000/_next/static/chunks/09q._next_dist_0hjurs0._.js:2431
[ 6486161ms] [LOG] [Fast Refresh] rebuilding @ http://localhost:3000/_next/static/chunks/09q._next_dist_0hjurs0._.js:2431
[ 6486201ms] [LOG] [Fast Refresh] done in 52ms @ http://localhost:3000/_next/static/chunks/09q._next_dist_0hjurs0._.js:2431
[ 6491501ms] [LOG] [Fast Refresh] rebuilding @ http://localhost:3000/_next/static/chunks/09q._next_dist_0hjurs0._.js:2431
[ 6491564ms] [LOG] [Fast Refresh] done in 35ms @ http://localhost:3000/_next/static/chunks/09q._next_dist_0hjurs0._.js:2431
[19796911ms] [ERROR] WebSocket connection to 'ws://localhost:3000/_next/webpack-hmr?id=oPoH2pZ1du2XGS8DUDh1Y' failed: Error in connection establishment: net::ERR_CONNECTION_REFUSED @ http://localhost:3000/_next/static/chunks/09q._next_dist_client_0slhn09._.js:13299
[19797914ms] [ERROR] WebSocket connection to 'ws://localhost:3000/_next/webpack-hmr?id=oPoH2pZ1du2XGS8DUDh1Y' failed: Error in connection establishment: net::ERR_CONNECTION_REFUSED @ http://localhost:3000/_next/static/chunks/09q._next_dist_client_0slhn09._.js:13299
[19798916ms] [ERROR] WebSocket connection to 'ws://localhost:3000/_next/webpack-hmr?id=oPoH2pZ1du2XGS8DUDh1Y' failed: Error in connection establishment: net::ERR_CONNECTION_REFUSED @ http://localhost:3000/_next/static/chunks/09q._next_dist_client_0slhn09._.js:13299
[19799919ms] [ERROR] WebSocket connection to 'ws://localhost:3000/_next/webpack-hmr?id=oPoH2pZ1du2XGS8DUDh1Y' failed: Error in connection establishment: net::ERR_CONNECTION_REFUSED @ http://localhost:3000/_next/static/chunks/09q._next_dist_client_0slhn09._.js:13299
[19800924ms] [ERROR] WebSocket connection to 'ws://localhost:3000/_next/webpack-hmr?id=oPoH2pZ1du2XGS8DUDh1Y' failed: Error in connection establishment: net::ERR_CONNECTION_REFUSED @ http://localhost:3000/_next/static/chunks/09q._next_dist_client_0slhn09._.js:13299
[19805929ms] [ERROR] WebSocket connection to 'ws://localhost:3000/_next/webpack-hmr?id=oPoH2pZ1du2XGS8DUDh1Y' failed: Error in connection establishment: net::ERR_CONNECTION_REFUSED @ http://localhost:3000/_next/static/chunks/09q._next_dist_client_0slhn09._.js:13299
[19810940ms] [ERROR] WebSocket connection to 'ws://localhost:3000/_next/webpack-hmr?id=oPoH2pZ1du2XGS8DUDh1Y' failed: Error in connection establishment: net::ERR_CONNECTION_REFUSED @ http://localhost:3000/_next/static/chunks/09q._next_dist_client_0slhn09._.js:13299
[19815964ms] [ERROR] WebSocket connection to 'ws://localhost:3000/_next/webpack-hmr?id=oPoH2pZ1du2XGS8DUDh1Y' failed: Error in connection establishment: net::ERR_CONNECTION_REFUSED @ http://localhost:3000/_next/static/chunks/09q._next_dist_client_0slhn09._.js:13299
[19820993ms] [ERROR] WebSocket connection to 'ws://localhost:3000/_next/webpack-hmr?id=oPoH2pZ1du2XGS8DUDh1Y' failed: Error in connection establishment: net::ERR_CONNECTION_REFUSED @ http://localhost:3000/_next/static/chunks/09q._next_dist_client_0slhn09._.js:13299
[19826076ms] [ERROR] WebSocket connection to 'ws://localhost:3000/_next/webpack-hmr?id=oPoH2pZ1du2XGS8DUDh1Y' failed: Error in connection establishment: net::ERR_CONNECTION_REFUSED @ http://localhost:3000/_next/static/chunks/09q._next_dist_client_0slhn09._.js:13299
[19831191ms] [ERROR] WebSocket connection to 'ws://localhost:3000/_next/webpack-hmr?id=oPoH2pZ1du2XGS8DUDh1Y' failed: Error in connection establishment: net::ERR_CONNECTION_REFUSED @ http://localhost:3000/_next/static/chunks/09q._next_dist_client_0slhn09._.js:13299
[19836466ms] [ERROR] WebSocket connection to 'ws://localhost:3000/_next/webpack-hmr?id=oPoH2pZ1du2XGS8DUDh1Y' failed: Error in connection establishment: net::ERR_CONNECTION_REFUSED @ http://localhost:3000/_next/static/chunks/09q._next_dist_client_0slhn09._.js:13299
