[     178ms] [INFO] %cDownload the React DevTools for a better development experience: https://react.dev/link/react-devtools font-weight:bold @ http://localhost:3000/_next/static/chunks/09q._next_dist_0hjurs0._.js:2431
[     217ms] [LOG] [HMR] connected @ http://localhost:3000/_next/static/chunks/09q._next_dist_0hjurs0._.js:2431
[   35670ms] [LOG] [Fast Refresh] rebuilding @ http://localhost:3000/_next/static/chunks/09q._next_dist_0hjurs0._.js:2431
[   35749ms] [LOG] [Fast Refresh] done in 2ms @ http://localhost:3000/_next/static/chunks/09q._next_dist_0hjurs0._.js:2431
[  190691ms] [LOG] [Fast Refresh] rebuilding @ http://localhost:3000/_next/static/chunks/09q._next_dist_0hjurs0._.js:2431
[  190742ms] [LOG] [Fast Refresh] done in 43ms @ http://localhost:3000/_next/static/chunks/09q._next_dist_0hjurs0._.js:2431
[  199632ms] [LOG] [Fast Refresh] rebuilding @ http://localhost:3000/_next/static/chunks/09q._next_dist_0hjurs0._.js:2431
[  199670ms] [LOG] [Fast Refresh] done in 49ms @ http://localhost:3000/_next/static/chunks/09q._next_dist_0hjurs0._.js:2431
[  305258ms] [LOG] [Fast Refresh] rebuilding @ http://localhost:3000/_next/static/chunks/09q._next_dist_0hjurs0._.js:2431
[  305415ms] [LOG] [Fast Refresh] done in 43ms @ http://localhost:3000/_next/static/chunks/09q._next_dist_0hjurs0._.js:2431
[  309964ms] [LOG] [Fast Refresh] rebuilding @ http://localhost:3000/_next/static/chunks/09q._next_dist_0hjurs0._.js:2431
[  310151ms] [WARNING] [HMR] Invalid message: {"isTrusted":true}
TypeError: Cannot convert undefined or null to object
    at Object.keys (<anonymous>)
    at extractModulesFromTurbopackMessage (http://localhost:3000/_next/static/chunks/09q._next_dist_client_0slhn09._.js:13631:39)
    at TurbopackHmr.onTurbopackMessage (http://localhost:3000/_next/static/chunks/09q._next_dist_client_0slhn09._.js:13578:32)
    at processMessage (http://localhost:3000/_next/static/chunks/09q._next_dist_client_0slhn09._.js:13936:30)
    at WebSocket.handleMessage (http://localhost:3000/_next/static/chunks/09q._next_dist_client_0slhn09._.js:13335:52) @ http://localhost:3000/_next/static/chunks/09q._next_dist_0hjurs0._.js:2431
[  310151ms] [LOG] [Fast Refresh] done in 240ms @ http://localhost:3000/_next/static/chunks/09q._next_dist_0hjurs0._.js:2431
[  310725ms] [LOG] [Fast Refresh] rebuilding @ http://localhost:3000/_next/static/chunks/09q._next_dist_0hjurs0._.js:2431
[  310884ms] [LOG] [Fast Refresh] done in 260ms @ http://localhost:3000/_next/static/chunks/09q._next_dist_0hjurs0._.js:2431
[  316919ms] [LOG] [Fast Refresh] rebuilding @ http://localhost:3000/_next/static/chunks/09q._next_dist_0hjurs0._.js:2431
[  316990ms] [LOG] [Fast Refresh] done in 41ms @ http://localhost:3000/_next/static/chunks/09q._next_dist_0hjurs0._.js:2431
[  330300ms] [LOG] [Fast Refresh] rebuilding @ http://localhost:3000/_next/static/chunks/09q._next_dist_0hjurs0._.js:2431
[  330374ms] [LOG] [Fast Refresh] done in 44ms @ http://localhost:3000/_next/static/chunks/09q._next_dist_0hjurs0._.js:2431
[  334631ms] [LOG] [Fast Refresh] rebuilding @ http://localhost:3000/_next/static/chunks/09q._next_dist_0hjurs0._.js:2431
[  334676ms] [LOG] [Fast Refresh] done in 41ms @ http://localhost:3000/_next/static/chunks/09q._next_dist_0hjurs0._.js:2431
[  352860ms] [LOG] [Fast Refresh] rebuilding @ http://localhost:3000/_next/static/chunks/09q._next_dist_0hjurs0._.js:2431
[  352893ms] [LOG] [Fast Refresh] done in 48ms @ http://localhost:3000/_next/static/chunks/09q._next_dist_0hjurs0._.js:2431
[  362016ms] [LOG] [Fast Refresh] rebuilding @ http://localhost:3000/_next/static/chunks/09q._next_dist_0hjurs0._.js:2431
[  362031ms] [LOG] [Fast Refresh] done in 72ms @ http://localhost:3000/_next/static/chunks/09q._next_dist_0hjurs0._.js:2431
[  362133ms] [LOG] [Fast Refresh] rebuilding @ http://localhost:3000/_next/static/chunks/09q._next_dist_0hjurs0._.js:2431
[  362191ms] [LOG] [Fast Refresh] done in 159ms @ http://localhost:3000/_next/static/chunks/09q._next_dist_0hjurs0._.js:2431
[  362325ms] [LOG] [Fast Refresh] rebuilding @ http://localhost:3000/_next/static/chunks/09q._next_dist_0hjurs0._.js:2431
[  362410ms] [LOG] [Fast Refresh] done in 187ms @ http://localhost:3000/_next/static/chunks/09q._next_dist_0hjurs0._.js:2431
[  362783ms] [LOG] [Fast Refresh] rebuilding @ http://localhost:3000/_next/static/chunks/09q._next_dist_0hjurs0._.js:2431
[  362869ms] [LOG] [Fast Refresh] done in 186ms @ http://localhost:3000/_next/static/chunks/09q._next_dist_0hjurs0._.js:2431
[  369908ms] [LOG] [Fast Refresh] rebuilding @ http://localhost:3000/_next/static/chunks/09q._next_dist_0hjurs0._.js:2431
[  370003ms] [LOG] [Fast Refresh] done in 48ms @ http://localhost:3000/_next/static/chunks/09q._next_dist_0hjurs0._.js:2431
[  370140ms] [LOG] [Fast Refresh] rebuilding @ http://localhost:3000/_next/static/chunks/09q._next_dist_0hjurs0._.js:2431
[  370291ms] [LOG] [Fast Refresh] done in 251ms @ http://localhost:3000/_next/static/chunks/09q._next_dist_0hjurs0._.js:2431
[  370508ms] [LOG] [Fast Refresh] rebuilding @ http://localhost:3000/_next/static/chunks/09q._next_dist_0hjurs0._.js:2431
[  370698ms] [LOG] [Fast Refresh] done in 292ms @ http://localhost:3000/_next/static/chunks/09q._next_dist_0hjurs0._.js:2431
[  379805ms] [LOG] [Fast Refresh] rebuilding @ http://localhost:3000/_next/static/chunks/09q._next_dist_0hjurs0._.js:2431
[  379918ms] [LOG] [Fast Refresh] done in 11ms @ http://localhost:3000/_next/static/chunks/09q._next_dist_0hjurs0._.js:2431
[  380020ms] [LOG] [Fast Refresh] rebuilding @ http://localhost:3000/_next/static/chunks/09q._next_dist_0hjurs0._.js:2431
[  380156ms] [LOG] [Fast Refresh] done in 236ms @ http://localhost:3000/_next/static/chunks/09q._next_dist_0hjurs0._.js:2431
[  380420ms] [LOG] [Fast Refresh] rebuilding @ http://localhost:3000/_next/static/chunks/09q._next_dist_0hjurs0._.js:2431
[  380479ms] [LOG] [Fast Refresh] done in 159ms @ http://localhost:3000/_next/static/chunks/09q._next_dist_0hjurs0._.js:2431
[  380582ms] [LOG] [Fast Refresh] rebuilding @ http://localhost:3000/_next/static/chunks/09q._next_dist_0hjurs0._.js:2431
[  380666ms] [LOG] [Fast Refresh] done in 185ms @ http://localhost:3000/_next/static/chunks/09q._next_dist_0hjurs0._.js:2431
[  387235ms] [LOG] [Fast Refresh] rebuilding @ http://localhost:3000/_next/static/chunks/09q._next_dist_0hjurs0._.js:2431
[  387309ms] [LOG] [Fast Refresh] done in 46ms @ http://localhost:3000/_next/static/chunks/09q._next_dist_0hjurs0._.js:2431
[  387444ms] [LOG] [Fast Refresh] rebuilding @ http://localhost:3000/_next/static/chunks/09q._next_dist_0hjurs0._.js:2431
[  387645ms] [LOG] [Fast Refresh] done in 301ms @ http://localhost:3000/_next/static/chunks/09q._next_dist_0hjurs0._.js:2431
[  387822ms] [LOG] [Fast Refresh] rebuilding @ http://localhost:3000/_next/static/chunks/09q._next_dist_0hjurs0._.js:2431
[  388102ms] [LOG] [Fast Refresh] done in 381ms @ http://localhost:3000/_next/static/chunks/09q._next_dist_0hjurs0._.js:2431
[  394155ms] [LOG] [Fast Refresh] rebuilding @ http://localhost:3000/_next/static/chunks/09q._next_dist_0hjurs0._.js:2431
[  394164ms] [LOG] [Fast Refresh] done in 32ms @ http://localhost:3000/_next/static/chunks/09q._next_dist_0hjurs0._.js:2431
[  394165ms] [LOG] [Fast Refresh] rebuilding @ http://localhost:3000/_next/static/chunks/09q._next_dist_0hjurs0._.js:2431
[  394355ms] [LOG] [Fast Refresh] done in 20ms @ http://localhost:3000/_next/static/chunks/09q._next_dist_0hjurs0._.js:2431
[  394496ms] [LOG] [Fast Refresh] rebuilding @ http://localhost:3000/_next/static/chunks/09q._next_dist_0hjurs0._.js:2431
[  394599ms] [LOG] [Fast Refresh] done in 204ms @ http://localhost:3000/_next/static/chunks/09q._next_dist_0hjurs0._.js:2431
[  395025ms] [LOG] [Fast Refresh] rebuilding @ http://localhost:3000/_next/static/chunks/09q._next_dist_0hjurs0._.js:2431
[  395037ms] [LOG] [Fast Refresh] done in 113ms @ http://localhost:3000/_next/static/chunks/09q._next_dist_0hjurs0._.js:2431
[  395191ms] [LOG] [Fast Refresh] rebuilding @ http://localhost:3000/_next/static/chunks/09q._next_dist_0hjurs0._.js:2431
[  395337ms] [LOG] [Fast Refresh] done in 246ms @ http://localhost:3000/_next/static/chunks/09q._next_dist_0hjurs0._.js:2431
[  443423ms] [LOG] [Fast Refresh] rebuilding @ http://localhost:3000/_next/static/chunks/09q._next_dist_0hjurs0._.js:2431
[  443496ms] [LOG] [Fast Refresh] done in 34ms @ http://localhost:3000/_next/static/chunks/09q._next_dist_0hjurs0._.js:2431
