[     186ms] [INFO] %cDownload the React DevTools for a better development experience: https://react.dev/link/react-devtools font-weight:bold @ http://localhost:3000/_next/static/chunks/09q._next_dist_0hjurs0._.js:2431
[     201ms] [LOG] [HMR] connected @ http://localhost:3000/_next/static/chunks/09q._next_dist_0hjurs0._.js:2431
[   65380ms] [LOG] [Fast Refresh] rebuilding @ http://localhost:3000/_next/static/chunks/09q._next_dist_0hjurs0._.js:2431
[   65706ms] [LOG] [Fast Refresh] done in 340ms @ http://localhost:3000/_next/static/chunks/09q._next_dist_0hjurs0._.js:2431
[   73537ms] [LOG] [Fast Refresh] rebuilding @ http://localhost:3000/_next/static/chunks/09q._next_dist_0hjurs0._.js:2431
[   73576ms] [LOG] [Fast Refresh] done in 35ms @ http://localhost:3000/_next/static/chunks/09q._next_dist_0hjurs0._.js:2431
[   81607ms] [LOG] [Fast Refresh] rebuilding @ http://localhost:3000/_next/static/chunks/09q._next_dist_0hjurs0._.js:2431
[   81648ms] [LOG] [Fast Refresh] done in 4ms @ http://localhost:3000/_next/static/chunks/09q._next_dist_0hjurs0._.js:2431
[  124505ms] [LOG] [Fast Refresh] rebuilding @ http://localhost:3000/_next/static/chunks/09q._next_dist_0hjurs0._.js:2431
[  124956ms] [ERROR] ./src/app/produkt/page.tsx:6:1
Module not found: Can't resolve '@/components/marketing/ProductPageHero'
  4 | import { FeatureShowcaseRow } from "@/components/marketing/FeatureShowcaseRow";
  5 | import { FAQAccordion } from "@/components/marketing/FAQAccordion";
> 6 | import { ProductPageHero } from "@/components/marketing/ProductPageHero";
    | ^^^^^^^^^^^^^^^^^^^^^^^^^^^^^^^^^^^^^^^^^^^^^^^^^^^^^^^^^^^^^^^^^^^^^^^^^
  7 | import { ProductArchitecture } from "@/components/marketing/ProductArchitecture";
  8 | import { ComparisonTable } from "@/components/marketing/ComparisonTable";
  9 | import { SectionHeader } from "@/components/marketing/SectionHeader";

Import map: aliased to relative './src/components/marketing/ProductPageHero' inside of [project]/

https://nextjs.org/docs/messages/module-not-found @ http://localhost:3000/_next/static/chunks/09q._next_dist_0hjurs0._.js:3272
[  125278ms] [ERROR] Failed to load resource: the server responded with a status of 500 (Internal Server Error) @ http://localhost:3000/produkt?_rsc=1xdpv:0
[  125295ms] [ERROR] Failed to load resource: the server responded with a status of 500 (Internal Server Error) @ http://localhost:3000/produkt?_rsc=1xdpv:0
[  125348ms] [ERROR] Failed to load resource: the server responded with a status of 500 (Internal Server Error) @ http://localhost:3000/produkt:0
[  125518ms] [INFO] %cDownload the React DevTools for a better development experience: https://react.dev/link/react-devtools font-weight:bold @ http://localhost:3000/_next/static/chunks/0p2h_react-dom_0vsf22y._.js:15305
[  125590ms] Error: ./src/app/produkt/page.tsx:6:1
Module not found: Can't resolve '@/components/marketing/ProductPageHero'
  4 | import { FeatureShowcaseRow } from "@/components/marketing/FeatureShowcaseRow";
  5 | import { FAQAccordion } from "@/components/marketing/FAQAccordion";
> 6 | import { ProductPageHero } from "@/components/marketing/ProductPageHero";
    | ^^^^^^^^^^^^^^^^^^^^^^^^^^^^^^^^^^^^^^^^^^^^^^^^^^^^^^^^^^^^^^^^^^^^^^^^^
  7 | import { ProductArchitecture } from "@/components/marketing/ProductArchitecture";
  8 | import { ComparisonTable } from "@/components/marketing/ComparisonTable";
  9 | import { SectionHeader } from "@/components/marketing/SectionHeader";

Import map: aliased to relative './src/components/marketing/ProductPageHero' inside of [project]/


https://nextjs.org/docs/messages/module-not-found


    at <unknown> (Error: ./src/app/produkt/page.tsx:6:1)
    at <unknown> (https://nextjs.org/docs/messages/module-not-found)
    at Object.getCompilationErrors (file:///Users/jules/dev/consultry/marketing-site/node_modules/.pnpm/next@16.2.3_@babel+core@7.29.0_react-dom@19.2.4_react@19.2.4__react@19.2.4/node_modules/next/dist/server/dev/hot-reloader-turbopack.js:1186:59)
    at DevBundlerService.getCompilationError (file:///Users/jules/dev/consultry/marketing-site/node_modules/.pnpm/next@16.2.3_@babel+core@7.29.0_react-dom@19.2.4_react@19.2.4__react@19.2.4/node_modules/next/dist/server/lib/dev-bundler-service.js:44:55)
    at DevServer.getCompilationError (file:///Users/jules/dev/consultry/marketing-site/node_modules/.pnpm/next@16.2.3_@babel+core@7.29.0_react-dom@19.2.4_react@19.2.4__react@19.2.4/node_modules/next/dist/server/dev/next-dev-server.js:719:42)
    at DevServer.findPageComponents (file:///Users/jules/dev/consultry/marketing-site/node_modules/.pnpm/next@16.2.3_@babel+core@7.29.0_react-dom@19.2.4_react@19.2.4__react@19.2.4/node_modules/next/dist/server/dev/next-dev-server.js:689:43)
    at async DevServer.renderErrorToResponseImpl (file:///Users/jules/dev/consultry/marketing-site/node_modules/.pnpm/next@16.2.3_@babel+core@7.29.0_react-dom@19.2.4_react@19.2.4__react@19.2.4/node_modules/next/dist/server/base-server.js:1745:26)
[  125568ms] [LOG] [HMR] connected @ http://localhost:3000/_next/static/chunks/09q._next_dist_0qrh8-z._.js:1226
[  125595ms] [ERROR] Failed to load resource: the server responded with a status of 404 (Not Found) @ http://localhost:3000/favicon.ico:0
[  125596ms] [ERROR] ./src/app/produkt/page.tsx:6:1
Module not found: Can't resolve '@/components/marketing/ProductPageHero'
  4 | import { FeatureShowcaseRow } from "@/components/marketing/FeatureShowcaseRow";
  5 | import { FAQAccordion } from "@/components/marketing/FAQAccordion";
> 6 | import { ProductPageHero } from "@/components/marketing/ProductPageHero";
    | ^^^^^^^^^^^^^^^^^^^^^^^^^^^^^^^^^^^^^^^^^^^^^^^^^^^^^^^^^^^^^^^^^^^^^^^^^
  7 | import { ProductArchitecture } from "@/components/marketing/ProductArchitecture";
  8 | import { ComparisonTable } from "@/components/marketing/ComparisonTable";
  9 | import { SectionHeader } from "@/components/marketing/SectionHeader";

Import map: aliased to relative './src/components/marketing/ProductPageHero' inside of [project]/

https://nextjs.org/docs/messages/module-not-found @ http://localhost:3000/_next/static/chunks/09q._next_dist_0qrh8-z._.js:1945
[  125629ms] [ERROR] ./src/app/produkt/page.tsx:6:1
Module not found: Can't resolve '@/components/marketing/ProductPageHero'
  4 | import { FeatureShowcaseRow } from "@/components/marketing/FeatureShowcaseRow";
  5 | import { FAQAccordion } from "@/components/marketing/FAQAccordion";
> 6 | import { ProductPageHero } from "@/components/marketing/ProductPageHero";
    | ^^^^^^^^^^^^^^^^^^^^^^^^^^^^^^^^^^^^^^^^^^^^^^^^^^^^^^^^^^^^^^^^^^^^^^^^^
  7 | import { ProductArchitecture } from "@/components/marketing/ProductArchitecture";
  8 | import { ComparisonTable } from "@/components/marketing/ComparisonTable";
  9 | import { SectionHeader } from "@/components/marketing/SectionHeader";

Import map: aliased to relative './src/components/marketing/ProductPageHero' inside of [project]/

https://nextjs.org/docs/messages/module-not-found @ http://localhost:3000/_next/static/chunks/09q._next_dist_0qrh8-z._.js:1945
[  125685ms] [LOG] [Fast Refresh] rebuilding @ http://localhost:3000/_next/static/chunks/09q._next_dist_0qrh8-z._.js:1226
[  150953ms] [LOG] [Fast Refresh] rebuilding @ http://localhost:3000/_next/static/chunks/09q._next_dist_0qrh8-z._.js:1226
[  151137ms] [LOG] [Fast Refresh] done in 68ms @ http://localhost:3000/_next/static/chunks/09q._next_dist_0qrh8-z._.js:1226
[  151704ms] [INFO] %cDownload the React DevTools for a better development experience: https://react.dev/link/react-devtools font-weight:bold @ http://localhost:3000/_next/static/chunks/09q._next_dist_0hjurs0._.js:2431
[  151763ms] [LOG] [HMR] connected @ http://localhost:3000/_next/static/chunks/09q._next_dist_0hjurs0._.js:2431
[  158652ms] [LOG] [Fast Refresh] rebuilding @ http://localhost:3000/_next/static/chunks/09q._next_dist_0hjurs0._.js:2431
[  158676ms] [LOG] [Fast Refresh] done in 45ms @ http://localhost:3000/_next/static/chunks/09q._next_dist_0hjurs0._.js:2431
