[     275ms] [INFO] %cDownload the React DevTools for a better development experience: https://react.dev/link/react-devtools font-weight:bold @ http://localhost:3000/_next/static/chunks/09q._next_dist_0hjurs0._.js:2431
[     295ms] [LOG] [HMR] connected @ http://localhost:3000/_next/static/chunks/09q._next_dist_0hjurs0._.js:2431
[    1139ms] [WARNING] Image with src "/images/product-row-dashboard.png" was detected as the Largest Contentful Paint (LCP). Please add the `loading="eager"` property if this image is above the fold.
Read more: https://nextjs.org/docs/app/api-reference/components/image#loading @ http://localhost:3000/_next/static/chunks/09q._next_dist_0hjurs0._.js:2431
[  208666ms] [LOG] [Fast Refresh] rebuilding @ http://localhost:3000/_next/static/chunks/09q._next_dist_0hjurs0._.js:2431
[  208737ms] [LOG] [Fast Refresh] done in 130ms @ http://localhost:3000/_next/static/chunks/09q._next_dist_0hjurs0._.js:2431
[  224363ms] [LOG] [Fast Refresh] rebuilding @ http://localhost:3000/_next/static/chunks/09q._next_dist_0hjurs0._.js:2431
[  224384ms] [LOG] [Fast Refresh] done in 55ms @ http://localhost:3000/_next/static/chunks/09q._next_dist_0hjurs0._.js:2431
[  293444ms] [LOG] [Fast Refresh] rebuilding @ http://localhost:3000/_next/static/chunks/09q._next_dist_0hjurs0._.js:2431
[  293460ms] [LOG] [Fast Refresh] done in 118ms @ http://localhost:3000/_next/static/chunks/09q._next_dist_0hjurs0._.js:2431
[  294010ms] [LOG] [Fast Refresh] rebuilding @ http://localhost:3000/_next/static/chunks/09q._next_dist_0hjurs0._.js:2431
[  294037ms] [LOG] [Fast Refresh] done in 128ms @ http://localhost:3000/_next/static/chunks/09q._next_dist_0hjurs0._.js:2431
[  355798ms] [LOG] [Fast Refresh] rebuilding @ http://localhost:3000/_next/static/chunks/09q._next_dist_0hjurs0._.js:2431
[  355865ms] [LOG] [Fast Refresh] done in 62ms @ http://localhost:3000/_next/static/chunks/09q._next_dist_0hjurs0._.js:2431
[  370114ms] [LOG] [Fast Refresh] rebuilding @ http://localhost:3000/_next/static/chunks/09q._next_dist_0hjurs0._.js:2431
[  370162ms] [LOG] [Fast Refresh] done in 40ms @ http://localhost:3000/_next/static/chunks/09q._next_dist_0hjurs0._.js:2431
[  525779ms] [LOG] [Fast Refresh] rebuilding @ http://localhost:3000/_next/static/chunks/09q._next_dist_0hjurs0._.js:2431
[  525806ms] [ERROR] ./src/components/marketing/Footer.tsx:2:1
Export footerGroups doesn't exist in target module
  1 | import Link from "next/link";
> 2 | import { footerGroups } from "@/lib/content/shared";
    | ^^^^^^^^^^^^^^^^^^^^^^^^^^^^^^^^^^^^^^^^^^^^^^^^^^^^
  3 |
  4 | export function Footer() {
  5 |   return (

The export footerGroups was not found in module [project]/src/lib/content/shared.ts [app-rsc] (ecmascript).
Did you mean to import footerColumns?
All exports of the module are statically known (It doesn't have dynamic exports). So it's known statically that the requested export doesn't exist.

Import trace:
  Server Component:
    ./src/components/marketing/Footer.tsx
    ./src/app/layout.tsx @ http://localhost:3000/_next/static/chunks/09q._next_dist_0hjurs0._.js:3272
[  525910ms] [ERROR] ./src/components/marketing/Footer.tsx:2:1
Export footerGroups doesn't exist in target module
  1 | import Link from "next/link";
> 2 | import { footerGroups } from "@/lib/content/shared";
    | ^^^^^^^^^^^^^^^^^^^^^^^^^^^^^^^^^^^^^^^^^^^^^^^^^^^^
  3 |
  4 | export function Footer() {
  5 |   return (

The export footerGroups was not found in module [project]/src/lib/content/shared.ts [app-rsc] (ecmascript).
Did you mean to import footerColumns?
All exports of the module are statically known (It doesn't have dynamic exports). So it's known statically that the requested export doesn't exist.

Import trace:
  Server Component:
    ./src/components/marketing/Footer.tsx
    ./src/app/layout.tsx @ http://localhost:3000/_next/static/chunks/09q._next_dist_0hjurs0._.js:3272
[  525928ms] [LOG] [Fast Refresh] rebuilding @ http://localhost:3000/_next/static/chunks/09q._next_dist_0hjurs0._.js:2431
[  537397ms] [ERROR] ./src/components/marketing/Footer.tsx:2:1
Export footerGroups doesn't exist in target module
  1 | import Link from "next/link";
> 2 | import { footerGroups } from "@/lib/content/shared";
    | ^^^^^^^^^^^^^^^^^^^^^^^^^^^^^^^^^^^^^^^^^^^^^^^^^^^^
  3 |
  4 | export function Footer() {
  5 |   return (

The export footerGroups was not found in module [project]/src/lib/content/shared.ts [app-rsc] (ecmascript).
Did you mean to import footerColumns?
All exports of the module are statically known (It doesn't have dynamic exports). So it's known statically that the requested export doesn't exist.

Import trace:
  Server Component:
    ./src/components/marketing/Footer.tsx
    ./src/app/layout.tsx @ http://localhost:3000/_next/static/chunks/09q._next_dist_0hjurs0._.js:3272
[  537423ms] [LOG] [Fast Refresh] rebuilding @ http://localhost:3000/_next/static/chunks/09q._next_dist_0hjurs0._.js:2431
[  546873ms] [LOG] [Fast Refresh] rebuilding @ http://localhost:3000/_next/static/chunks/09q._next_dist_0hjurs0._.js:2431
[  547003ms] [ERROR] ./src/components/marketing/Footer.tsx:2:1
Export footerGroups doesn't exist in target module
  1 | import Link from "next/link";
> 2 | import { footerGroups } from "@/lib/content/shared";
    | ^^^^^^^^^^^^^^^^^^^^^^^^^^^^^^^^^^^^^^^^^^^^^^^^^^^^
  3 |
  4 | export function Footer() {
  5 |   return (

The export footerGroups was not found in module [project]/src/lib/content/shared.ts [app-rsc] (ecmascript).
Did you mean to import footerColumns?
All exports of the module are statically known (It doesn't have dynamic exports). So it's known statically that the requested export doesn't exist.

Import trace:
  Server Component:
    ./src/components/marketing/Footer.tsx
    ./src/app/layout.tsx @ http://localhost:3000/_next/static/chunks/09q._next_dist_0hjurs0._.js:3272
[  547040ms] [ERROR] ./src/components/marketing/Footer.tsx:2:1
Export footerGroups doesn't exist in target module
  1 | import Link from "next/link";
> 2 | import { footerGroups } from "@/lib/content/shared";
    | ^^^^^^^^^^^^^^^^^^^^^^^^^^^^^^^^^^^^^^^^^^^^^^^^^^^^
  3 |
  4 | export function Footer() {
  5 |   return (

The export footerGroups was not found in module [project]/src/lib/content/shared.ts [app-rsc] (ecmascript).
Did you mean to import footerColumns?
All exports of the module are statically known (It doesn't have dynamic exports). So it's known statically that the requested export doesn't exist.

Import trace:
  Server Component:
    ./src/components/marketing/Footer.tsx
    ./src/app/layout.tsx @ http://localhost:3000/_next/static/chunks/09q._next_dist_0hjurs0._.js:3272
[  547142ms] [LOG] [Fast Refresh] rebuilding @ http://localhost:3000/_next/static/chunks/09q._next_dist_0hjurs0._.js:2431
[  547286ms] [ERROR] ./src/components/marketing/Footer.tsx:2:1
Export footerGroups doesn't exist in target module
  1 | import Link from "next/link";
> 2 | import { footerGroups } from "@/lib/content/shared";
    | ^^^^^^^^^^^^^^^^^^^^^^^^^^^^^^^^^^^^^^^^^^^^^^^^^^^^
  3 |
  4 | export function Footer() {
  5 |   return (

The export footerGroups was not found in module [project]/src/lib/content/shared.ts [app-rsc] (ecmascript).
Did you mean to import footerColumns?
All exports of the module are statically known (It doesn't have dynamic exports). So it's known statically that the requested export doesn't exist.

Import trace:
  Server Component:
    ./src/components/marketing/Footer.tsx
    ./src/app/layout.tsx @ http://localhost:3000/_next/static/chunks/09q._next_dist_0hjurs0._.js:3272
[  547388ms] [LOG] [Fast Refresh] rebuilding @ http://localhost:3000/_next/static/chunks/09q._next_dist_0hjurs0._.js:2431
[  547442ms] [ERROR] ./src/components/marketing/Footer.tsx:2:1
Export footerGroups doesn't exist in target module
  1 | import Link from "next/link";
> 2 | import { footerGroups } from "@/lib/content/shared";
    | ^^^^^^^^^^^^^^^^^^^^^^^^^^^^^^^^^^^^^^^^^^^^^^^^^^^^
  3 |
  4 | export function Footer() {
  5 |   return (

The export footerGroups was not found in module [project]/src/lib/content/shared.ts [app-rsc] (ecmascript).
Did you mean to import footerColumns?
All exports of the module are statically known (It doesn't have dynamic exports). So it's known statically that the requested export doesn't exist.

Import trace:
  Server Component:
    ./src/components/marketing/Footer.tsx
    ./src/app/layout.tsx @ http://localhost:3000/_next/static/chunks/09q._next_dist_0hjurs0._.js:3272
[  547516ms] [ERROR] Failed to load resource: the server responded with a status of 500 (Internal Server Error) @ http://localhost:3000/produkt?_rsc=1xdpv:0
[  547529ms] [ERROR] Failed to load resource: the server responded with a status of 500 (Internal Server Error) @ http://localhost:3000/produkt?_rsc=1xdpv:0
[  547571ms] [ERROR] Failed to load resource: the server responded with a status of 500 (Internal Server Error) @ http://localhost:3000/produkt?_rsc=1xdpv:0
[  547609ms] [ERROR] Failed to load resource: the server responded with a status of 500 (Internal Server Error) @ http://localhost:3000/produkt?_rsc=1xdpv:0
[  547620ms] [LOG] [Fast Refresh] rebuilding @ http://localhost:3000/_next/static/chunks/09q._next_dist_0hjurs0._.js:2431
[  547628ms] [ERROR] Failed to load resource: the server responded with a status of 500 (Internal Server Error) @ http://localhost:3000/produkt:0
[  547704ms] [INFO] %cDownload the React DevTools for a better development experience: https://react.dev/link/react-devtools font-weight:bold @ http://localhost:3000/_next/static/chunks/0p2h_react-dom_0vsf22y._.js:15305
[  547737ms] Error: ./src/components/marketing/Footer.tsx:2:1
Export footerGroups doesn't exist in target module
  1 | import Link from "next/link";
> 2 | import { footerGroups } from "@/lib/content/shared";
    | ^^^^^^^^^^^^^^^^^^^^^^^^^^^^^^^^^^^^^^^^^^^^^^^^^^^^
  3 |
  4 | export function Footer() {
  5 |   return (

The export footerGroups was not found in module [project]/src/lib/content/shared.ts [app-rsc] (ecmascript).
Did you mean to import footerColumns?
All exports of the module are statically known (It doesn't have dynamic exports). So it's known statically that the requested export doesn't exist.

Import trace:
  Server Component:
    ./src/components/marketing/Footer.tsx
    ./src/app/layout.tsx


    at <unknown> (Error: ./src/components/marketing/Footer.tsx:2:1)
    at Object.getCompilationErrors (file:///Users/jules/dev/consultry/marketing-site/node_modules/.pnpm/next@16.2.3_@babel+core@7.29.0_react-dom@19.2.4_react@19.2.4__react@19.2.4/node_modules/next/dist/server/dev/hot-reloader-turbopack.js:1186:59)
    at DevBundlerService.getCompilationError (file:///Users/jules/dev/consultry/marketing-site/node_modules/.pnpm/next@16.2.3_@babel+core@7.29.0_react-dom@19.2.4_react@19.2.4__react@19.2.4/node_modules/next/dist/server/lib/dev-bundler-service.js:44:55)
    at DevServer.getCompilationError (file:///Users/jules/dev/consultry/marketing-site/node_modules/.pnpm/next@16.2.3_@babel+core@7.29.0_react-dom@19.2.4_react@19.2.4__react@19.2.4/node_modules/next/dist/server/dev/next-dev-server.js:719:42)
    at DevServer.findPageComponents (file:///Users/jules/dev/consultry/marketing-site/node_modules/.pnpm/next@16.2.3_@babel+core@7.29.0_react-dom@19.2.4_react@19.2.4__react@19.2.4/node_modules/next/dist/server/dev/next-dev-server.js:689:43)
    at async DevServer.renderErrorToResponseImpl (file:///Users/jules/dev/consultry/marketing-site/node_modules/.pnpm/next@16.2.3_@babel+core@7.29.0_react-dom@19.2.4_react@19.2.4__react@19.2.4/node_modules/next/dist/server/base-server.js:1745:26)
[  547737ms] [LOG] [HMR] connected @ http://localhost:3000/_next/static/chunks/09q._next_dist_0qrh8-z._.js:1226
[  547738ms] [ERROR] ./src/components/marketing/Footer.tsx:2:1
Export footerGroups doesn't exist in target module
  1 | import Link from "next/link";
> 2 | import { footerGroups } from "@/lib/content/shared";
    | ^^^^^^^^^^^^^^^^^^^^^^^^^^^^^^^^^^^^^^^^^^^^^^^^^^^^
  3 |
  4 | export function Footer() {
  5 |   return (

The export footerGroups was not found in module [project]/src/lib/content/shared.ts [app-rsc] (ecmascript).
Did you mean to import footerColumns?
All exports of the module are statically known (It doesn't have dynamic exports). So it's known statically that the requested export doesn't exist.

Import trace:
  Server Component:
    ./src/components/marketing/Footer.tsx
    ./src/app/layout.tsx @ http://localhost:3000/_next/static/chunks/09q._next_dist_0qrh8-z._.js:1945
[  547738ms] [ERROR] ./src/components/marketing/Footer.tsx:2:1
Export footerGroups doesn't exist in target module
  1 | import Link from "next/link";
> 2 | import { footerGroups } from "@/lib/content/shared";
    | ^^^^^^^^^^^^^^^^^^^^^^^^^^^^^^^^^^^^^^^^^^^^^^^^^^^^
  3 |
  4 | export function Footer() {
  5 |   return (

The export footerGroups was not found in module [project]/src/lib/content/shared.ts [app-rsc] (ecmascript).
Did you mean to import footerColumns?
All exports of the module are statically known (It doesn't have dynamic exports). So it's known statically that the requested export doesn't exist.

Import trace:
  Server Component:
    ./src/components/marketing/Footer.tsx
    ./src/app/layout.tsx @ http://localhost:3000/_next/static/chunks/09q._next_dist_0qrh8-z._.js:1945
[  547738ms] [ERROR] ./src/components/marketing/Footer.tsx:2:1
Export footerGroups doesn't exist in target module
  1 | import Link from "next/link";
> 2 | import { footerGroups } from "@/lib/content/shared";
    | ^^^^^^^^^^^^^^^^^^^^^^^^^^^^^^^^^^^^^^^^^^^^^^^^^^^^
  3 |
  4 | export function Footer() {
  5 |   return (

The export footerGroups was not found in module [project]/src/lib/content/shared.ts [app-rsc] (ecmascript).
Did you mean to import footerColumns?
All exports of the module are statically known (It doesn't have dynamic exports). So it's known statically that the requested export doesn't exist.

Import trace:
  Server Component:
    ./src/components/marketing/Footer.tsx
    ./src/app/layout.tsx @ http://localhost:3000/_next/static/chunks/09q._next_dist_0qrh8-z._.js:1945
[  547746ms] [ERROR] Failed to load resource: the server responded with a status of 404 (Not Found) @ http://localhost:3000/favicon.ico:0
[  547783ms] [ERROR] ./src/components/marketing/Footer.tsx:2:1
Export footerGroups doesn't exist in target module
  1 | import Link from "next/link";
> 2 | import { footerGroups } from "@/lib/content/shared";
    | ^^^^^^^^^^^^^^^^^^^^^^^^^^^^^^^^^^^^^^^^^^^^^^^^^^^^
  3 |
  4 | export function Footer() {
  5 |   return (

The export footerGroups was not found in module [project]/src/lib/content/shared.ts [app-rsc] (ecmascript).
Did you mean to import footerColumns?
All exports of the module are statically known (It doesn't have dynamic exports). So it's known statically that the requested export doesn't exist.

Import trace:
  Server Component:
    ./src/components/marketing/Footer.tsx
    ./src/app/layout.tsx @ http://localhost:3000/_next/static/chunks/09q._next_dist_0qrh8-z._.js:1945
[  549734ms] [LOG] [Fast Refresh] rebuilding @ http://localhost:3000/_next/static/chunks/09q._next_dist_0qrh8-z._.js:1226
[  549775ms] [ERROR] ./src/components/marketing/Footer.tsx:2:1
Export footerGroups doesn't exist in target module
  1 | import Link from "next/link";
> 2 | import { footerGroups } from "@/lib/content/shared";
    | ^^^^^^^^^^^^^^^^^^^^^^^^^^^^^^^^^^^^^^^^^^^^^^^^^^^^
  3 |
  4 | export function Footer() {
  5 |   return (

The export footerGroups was not found in module [project]/src/lib/content/shared.ts [app-rsc] (ecmascript).
Did you mean to import footerColumns?
All exports of the module are statically known (It doesn't have dynamic exports). So it's known statically that the requested export doesn't exist.

Import trace:
  Server Component:
    ./src/components/marketing/Footer.tsx
    ./src/app/layout.tsx @ http://localhost:3000/_next/static/chunks/09q._next_dist_0qrh8-z._.js:1945
[  549802ms] [ERROR] Failed to load resource: the server responded with a status of 500 (Internal Server Error) @ http://localhost:3000/produkt:0
[  549823ms] [INFO] %cDownload the React DevTools for a better development experience: https://react.dev/link/react-devtools font-weight:bold @ http://localhost:3000/_next/static/chunks/0p2h_react-dom_0vsf22y._.js:15305
[  549830ms] Error: ./src/components/marketing/Footer.tsx:2:1
Export footerGroups doesn't exist in target module
  1 | import Link from "next/link";
> 2 | import { footerGroups } from "@/lib/content/shared";
    | ^^^^^^^^^^^^^^^^^^^^^^^^^^^^^^^^^^^^^^^^^^^^^^^^^^^^
  3 |
  4 | export function Footer() {
  5 |   return (

The export footerGroups was not found in module [project]/src/lib/content/shared.ts [app-rsc] (ecmascript).
Did you mean to import footerColumns?
All exports of the module are statically known (It doesn't have dynamic exports). So it's known statically that the requested export doesn't exist.

Import trace:
  Server Component:
    ./src/components/marketing/Footer.tsx
    ./src/app/layout.tsx


    at <unknown> (Error: ./src/components/marketing/Footer.tsx:2:1)
    at Object.getCompilationErrors (file:///Users/jules/dev/consultry/marketing-site/node_modules/.pnpm/next@16.2.3_@babel+core@7.29.0_react-dom@19.2.4_react@19.2.4__react@19.2.4/node_modules/next/dist/server/dev/hot-reloader-turbopack.js:1186:59)
    at DevBundlerService.getCompilationError (file:///Users/jules/dev/consultry/marketing-site/node_modules/.pnpm/next@16.2.3_@babel+core@7.29.0_react-dom@19.2.4_react@19.2.4__react@19.2.4/node_modules/next/dist/server/lib/dev-bundler-service.js:44:55)
    at DevServer.getCompilationError (file:///Users/jules/dev/consultry/marketing-site/node_modules/.pnpm/next@16.2.3_@babel+core@7.29.0_react-dom@19.2.4_react@19.2.4__react@19.2.4/node_modules/next/dist/server/dev/next-dev-server.js:719:42)
    at DevServer.findPageComponents (file:///Users/jules/dev/consultry/marketing-site/node_modules/.pnpm/next@16.2.3_@babel+core@7.29.0_react-dom@19.2.4_react@19.2.4__react@19.2.4/node_modules/next/dist/server/dev/next-dev-server.js:689:43)
    at async DevServer.renderErrorToResponseImpl (file:///Users/jules/dev/consultry/marketing-site/node_modules/.pnpm/next@16.2.3_@babel+core@7.29.0_react-dom@19.2.4_react@19.2.4__react@19.2.4/node_modules/next/dist/server/base-server.js:1745:26)
[  549830ms] [LOG] [HMR] connected @ http://localhost:3000/_next/static/chunks/09q._next_dist_0qrh8-z._.js:1226
[  549831ms] [ERROR] ./src/components/marketing/Footer.tsx:2:1
Export footerGroups doesn't exist in target module
  1 | import Link from "next/link";
> 2 | import { footerGroups } from "@/lib/content/shared";
    | ^^^^^^^^^^^^^^^^^^^^^^^^^^^^^^^^^^^^^^^^^^^^^^^^^^^^
  3 |
  4 | export function Footer() {
  5 |   return (

The export footerGroups was not found in module [project]/src/lib/content/shared.ts [app-rsc] (ecmascript).
Did you mean to import footerColumns?
All exports of the module are statically known (It doesn't have dynamic exports). So it's known statically that the requested export doesn't exist.

Import trace:
  Server Component:
    ./src/components/marketing/Footer.tsx
    ./src/app/layout.tsx @ http://localhost:3000/_next/static/chunks/09q._next_dist_0qrh8-z._.js:1945
[  549831ms] [ERROR] ./src/components/marketing/Footer.tsx:2:1
Export footerGroups doesn't exist in target module
  1 | import Link from "next/link";
> 2 | import { footerGroups } from "@/lib/content/shared";
    | ^^^^^^^^^^^^^^^^^^^^^^^^^^^^^^^^^^^^^^^^^^^^^^^^^^^^
  3 |
  4 | export function Footer() {
  5 |   return (

The export footerGroups was not found in module [project]/src/lib/content/shared.ts [app-rsc] (ecmascript).
Did you mean to import footerColumns?
All exports of the module are statically known (It doesn't have dynamic exports). So it's known statically that the requested export doesn't exist.

Import trace:
  Server Component:
    ./src/components/marketing/Footer.tsx
    ./src/app/layout.tsx @ http://localhost:3000/_next/static/chunks/09q._next_dist_0qrh8-z._.js:1945
[  549831ms] [ERROR] ./src/components/marketing/Footer.tsx:2:1
Export footerGroups doesn't exist in target module
  1 | import Link from "next/link";
> 2 | import { footerGroups } from "@/lib/content/shared";
    | ^^^^^^^^^^^^^^^^^^^^^^^^^^^^^^^^^^^^^^^^^^^^^^^^^^^^
  3 |
  4 | export function Footer() {
  5 |   return (

The export footerGroups was not found in module [project]/src/lib/content/shared.ts [app-rsc] (ecmascript).
Did you mean to import footerColumns?
All exports of the module are statically known (It doesn't have dynamic exports). So it's known statically that the requested export doesn't exist.

Import trace:
  Server Component:
    ./src/components/marketing/Footer.tsx
    ./src/app/layout.tsx @ http://localhost:3000/_next/static/chunks/09q._next_dist_0qrh8-z._.js:1945
[  549865ms] [ERROR] ./src/components/marketing/Footer.tsx:2:1
Export footerGroups doesn't exist in target module
  1 | import Link from "next/link";
> 2 | import { footerGroups } from "@/lib/content/shared";
    | ^^^^^^^^^^^^^^^^^^^^^^^^^^^^^^^^^^^^^^^^^^^^^^^^^^^^
  3 |
  4 | export function Footer() {
  5 |   return (

The export footerGroups was not found in module [project]/src/lib/content/shared.ts [app-rsc] (ecmascript).
Did you mean to import footerColumns?
All exports of the module are statically known (It doesn't have dynamic exports). So it's known statically that the requested export doesn't exist.

Import trace:
  Server Component:
    ./src/components/marketing/Footer.tsx
    ./src/app/layout.tsx @ http://localhost:3000/_next/static/chunks/09q._next_dist_0qrh8-z._.js:1945
[  577702ms] [LOG] [Fast Refresh] rebuilding @ http://localhost:3000/_next/static/chunks/09q._next_dist_0qrh8-z._.js:1226
[  577995ms] [LOG] [Fast Refresh] done in 220ms @ http://localhost:3000/_next/static/chunks/09q._next_dist_0qrh8-z._.js:1226
[  578627ms] [INFO] %cDownload the React DevTools for a better development experience: https://react.dev/link/react-devtools font-weight:bold @ http://localhost:3000/_next/static/chunks/09q._next_dist_0hjurs0._.js:2431
[  578648ms] [LOG] [HMR] connected @ http://localhost:3000/_next/static/chunks/09q._next_dist_0hjurs0._.js:2431
[  587575ms] [LOG] [Fast Refresh] rebuilding @ http://localhost:3000/_next/static/chunks/09q._next_dist_0hjurs0._.js:2431
[  587720ms] [LOG] [Fast Refresh] done in 38ms @ http://localhost:3000/_next/static/chunks/09q._next_dist_0hjurs0._.js:2431
[  604636ms] [LOG] [Fast Refresh] rebuilding @ http://localhost:3000/_next/static/chunks/09q._next_dist_0hjurs0._.js:2431
[  604727ms] [LOG] [Fast Refresh] done in 77ms @ http://localhost:3000/_next/static/chunks/09q._next_dist_0hjurs0._.js:2431
[  624592ms] [LOG] [Fast Refresh] rebuilding @ http://localhost:3000/_next/static/chunks/09q._next_dist_0hjurs0._.js:2431
[  624769ms] [LOG] [Fast Refresh] done in 113ms @ http://localhost:3000/_next/static/chunks/09q._next_dist_0hjurs0._.js:2431
[  665411ms] [LOG] [Fast Refresh] rebuilding @ http://localhost:3000/_next/static/chunks/09q._next_dist_0hjurs0._.js:2431
[  665441ms] [LOG] [Fast Refresh] done in 72ms @ http://localhost:3000/_next/static/chunks/09q._next_dist_0hjurs0._.js:2431
[  701667ms] [LOG] [Fast Refresh] rebuilding @ http://localhost:3000/_next/static/chunks/09q._next_dist_0hjurs0._.js:2431
[  701719ms] [LOG] [Fast Refresh] done in 30ms @ http://localhost:3000/_next/static/chunks/09q._next_dist_0hjurs0._.js:2431
[  701977ms] TypeError: Cannot read properties of undefined (reading 'map')
    at ProductPageHero (about://React/Server/file:///Users/jules/dev/consultry/marketing-site/.next/dev/server/chunks/ssr/%5Broot-of-the-server%5D__10uf5ry._.js?208:696:61)
    at resolveErrorDev (http://localhost:3000/_next/static/chunks/09q._next_dist_compiled_react-server-dom-turbopack_00hluag._.js:1919:150)
    at processFullStringRow (http://localhost:3000/_next/static/chunks/09q._next_dist_compiled_react-server-dom-turbopack_00hluag._.js:2434:29)
    at processFullBinaryRow (http://localhost:3000/_next/static/chunks/09q._next_dist_compiled_react-server-dom-turbopack_00hluag._.js:2393:9)
    at processBinaryChunk (http://localhost:3000/_next/static/chunks/09q._next_dist_compiled_react-server-dom-turbopack_00hluag._.js:2502:221)
    at progress (http://localhost:3000/_next/static/chunks/09q._next_dist_compiled_react-server-dom-turbopack_00hluag._.js:2689:13)
[  702012ms] [LOG] [Fast Refresh] rebuilding @ http://localhost:3000/_next/static/chunks/09q._next_dist_0hjurs0._.js:2431
[  702021ms] [LOG] [Fast Refresh] done in 111ms @ http://localhost:3000/_next/static/chunks/09q._next_dist_0hjurs0._.js:2431
[  728989ms] [LOG] [Fast Refresh] rebuilding @ http://localhost:3000/_next/static/chunks/09q._next_dist_0hjurs0._.js:2431
[  729061ms] [LOG] [Fast Refresh] done in 38ms @ http://localhost:3000/_next/static/chunks/09q._next_dist_0hjurs0._.js:2431
[  729151ms] [ERROR] Failed to load resource: the server responded with a status of 500 (Internal Server Error) @ http://localhost:3000/produkt:0
[  729188ms] [INFO] %cDownload the React DevTools for a better development experience: https://react.dev/link/react-devtools font-weight:bold @ http://localhost:3000/_next/static/chunks/09q._next_dist_0hjurs0._.js:2431
[  729198ms] [LOG] [HMR] connected @ http://localhost:3000/_next/static/chunks/09q._next_dist_0hjurs0._.js:2431
[  729273ms] TypeError: Cannot read properties of undefined (reading 'map')
    at ProductPageHero (about://React/Server/file:///Users/jules/dev/consultry/marketing-site/.next/dev/server/chunks/ssr/%5Broot-of-the-server%5D__10uf5ry._.js?0:696:61)
    at resolveErrorDev (http://localhost:3000/_next/static/chunks/09q._next_dist_compiled_react-server-dom-turbopack_00hluag._.js:1919:105)
    at processFullStringRow (http://localhost:3000/_next/static/chunks/09q._next_dist_compiled_react-server-dom-turbopack_00hluag._.js:2434:29)
    at processFullBinaryRow (http://localhost:3000/_next/static/chunks/09q._next_dist_compiled_react-server-dom-turbopack_00hluag._.js:2393:9)
    at processBinaryChunk (http://localhost:3000/_next/static/chunks/09q._next_dist_compiled_react-server-dom-turbopack_00hluag._.js:2502:221)
    at progress (http://localhost:3000/_next/static/chunks/09q._next_dist_compiled_react-server-dom-turbopack_00hluag._.js:2689:13)
[  747952ms] [LOG] [Fast Refresh] rebuilding @ http://localhost:3000/_next/static/chunks/09q._next_dist_0hjurs0._.js:2431
[  747953ms] [WARNING] [Fast Refresh] performing full reload because your application had an unrecoverable error @ http://localhost:3000/_next/static/chunks/09q._next_dist_0hjurs0._.js:2431
[  747988ms] [LOG] [Fast Refresh] done in 44ms @ http://localhost:3000/_next/static/chunks/09q._next_dist_0hjurs0._.js:2431
[  748189ms] [INFO] %cDownload the React DevTools for a better development experience: https://react.dev/link/react-devtools font-weight:bold @ http://localhost:3000/_next/static/chunks/09q._next_dist_0hjurs0._.js:2431
[  748207ms] [LOG] [HMR] connected @ http://localhost:3000/_next/static/chunks/09q._next_dist_0hjurs0._.js:2431
[  759224ms] [LOG] [Fast Refresh] rebuilding @ http://localhost:3000/_next/static/chunks/09q._next_dist_0hjurs0._.js:2431
[  759607ms] [LOG] [Fast Refresh] done in 349ms @ http://localhost:3000/_next/static/chunks/09q._next_dist_0hjurs0._.js:2431
[  760076ms] [LOG] [Fast Refresh] rebuilding @ http://localhost:3000/_next/static/chunks/09q._next_dist_0hjurs0._.js:2431
[  760148ms] [LOG] [Fast Refresh] done in 172ms @ http://localhost:3000/_next/static/chunks/09q._next_dist_0hjurs0._.js:2431
[  768248ms] [LOG] [Fast Refresh] rebuilding @ http://localhost:3000/_next/static/chunks/09q._next_dist_0hjurs0._.js:2431
[  768359ms] [LOG] [Fast Refresh] done in 50ms @ http://localhost:3000/_next/static/chunks/09q._next_dist_0hjurs0._.js:2431
[  768465ms] [LOG] [Fast Refresh] rebuilding @ http://localhost:3000/_next/static/chunks/09q._next_dist_0hjurs0._.js:2431
[  768490ms] [LOG] [Fast Refresh] done in 125ms @ http://localhost:3000/_next/static/chunks/09q._next_dist_0hjurs0._.js:2431
[  782488ms] [LOG] [Fast Refresh] rebuilding @ http://localhost:3000/_next/static/chunks/09q._next_dist_0hjurs0._.js:2431
[  782532ms] [LOG] [Fast Refresh] done in 47ms @ http://localhost:3000/_next/static/chunks/09q._next_dist_0hjurs0._.js:2431
[  787389ms] [LOG] [Fast Refresh] rebuilding @ http://localhost:3000/_next/static/chunks/09q._next_dist_0hjurs0._.js:2431
[  787508ms] [LOG] [Fast Refresh] done in 151ms @ http://localhost:3000/_next/static/chunks/09q._next_dist_0hjurs0._.js:2431
[  787648ms] [LOG] [Fast Refresh] rebuilding @ http://localhost:3000/_next/static/chunks/09q._next_dist_0hjurs0._.js:2431
[  787694ms] [LOG] [Fast Refresh] done in 149ms @ http://localhost:3000/_next/static/chunks/09q._next_dist_0hjurs0._.js:2431
[  793819ms] [LOG] [Fast Refresh] rebuilding @ http://localhost:3000/_next/static/chunks/09q._next_dist_0hjurs0._.js:2431
[  793857ms] [LOG] [Fast Refresh] done in 4ms @ http://localhost:3000/_next/static/chunks/09q._next_dist_0hjurs0._.js:2431
[  793959ms] [LOG] [Fast Refresh] rebuilding @ http://localhost:3000/_next/static/chunks/09q._next_dist_0hjurs0._.js:2431
[  793983ms] [LOG] [Fast Refresh] done in 123ms @ http://localhost:3000/_next/static/chunks/09q._next_dist_0hjurs0._.js:2431
