[     201ms] [INFO] %cDownload the React DevTools for a better development experience: https://react.dev/link/react-devtools font-weight:bold @ http://localhost:3000/_next/static/chunks/09q._next_dist_0hjurs0._.js:2431
[     209ms] [LOG] [HMR] connected @ http://localhost:3000/_next/static/chunks/09q._next_dist_0hjurs0._.js:2431
[     234ms] [WARNING] Image with src "/images/product-row-dashboard.png" was detected as the Largest Contentful Paint (LCP). Please add the `loading="eager"` property if this image is above the fold.
Read more: https://nextjs.org/docs/app/api-reference/components/image#loading @ http://localhost:3000/_next/static/chunks/09q._next_dist_0hjurs0._.js:2431
[     243ms] [WARNING] Image with src "http://localhost:3000/images/consultry-logo.png" has either width or height modified, but not the other. If you use CSS to change the size of your image, also include the styles 'width: "auto"' or 'height: "auto"' to maintain the aspect ratio. @ http://localhost:3000/_next/static/chunks/09q._next_dist_0hjurs0._.js:2431
[   54244ms] [LOG] [Fast Refresh] rebuilding @ http://localhost:3000/_next/static/chunks/09q._next_dist_0hjurs0._.js:2431
[   54290ms] [LOG] [Fast Refresh] done in 53ms @ http://localhost:3000/_next/static/chunks/09q._next_dist_0hjurs0._.js:2431
[ 1005136ms] [LOG] [Fast Refresh] rebuilding @ http://localhost:3000/_next/static/chunks/09q._next_dist_0hjurs0._.js:2431
[ 1005197ms] [LOG] [Fast Refresh] done in 104ms @ http://localhost:3000/_next/static/chunks/09q._next_dist_0hjurs0._.js:2431
[ 1014509ms] [LOG] [Fast Refresh] rebuilding @ http://localhost:3000/_next/static/chunks/09q._next_dist_0hjurs0._.js:2431
[ 1014539ms] [LOG] [Fast Refresh] done in 67ms @ http://localhost:3000/_next/static/chunks/09q._next_dist_0hjurs0._.js:2431
[ 1021183ms] [LOG] [Fast Refresh] rebuilding @ http://localhost:3000/_next/static/chunks/09q._next_dist_0hjurs0._.js:2431
[ 1021223ms] [LOG] [Fast Refresh] done in 110ms @ http://localhost:3000/_next/static/chunks/09q._next_dist_0hjurs0._.js:2431
[ 1056721ms] [LOG] [Fast Refresh] rebuilding @ http://localhost:3000/_next/static/chunks/09q._next_dist_0hjurs0._.js:2431
[ 1056852ms] [LOG] [Fast Refresh] done in 237ms @ http://localhost:3000/_next/static/chunks/09q._next_dist_0hjurs0._.js:2431
[ 1073180ms] [LOG] [Fast Refresh] rebuilding @ http://localhost:3000/_next/static/chunks/09q._next_dist_0hjurs0._.js:2431
[ 1073217ms] [LOG] [Fast Refresh] done in 64ms @ http://localhost:3000/_next/static/chunks/09q._next_dist_0hjurs0._.js:2431
[ 1090702ms] [LOG] [Fast Refresh] rebuilding @ http://localhost:3000/_next/static/chunks/09q._next_dist_0hjurs0._.js:2431
[ 1090750ms] [LOG] [Fast Refresh] done in 46ms @ http://localhost:3000/_next/static/chunks/09q._next_dist_0hjurs0._.js:2431
[ 1146215ms] [LOG] [Fast Refresh] rebuilding @ http://localhost:3000/_next/static/chunks/09q._next_dist_0hjurs0._.js:2431
[ 1146256ms] [LOG] [Fast Refresh] done in 63ms @ http://localhost:3000/_next/static/chunks/09q._next_dist_0hjurs0._.js:2431
[ 1153823ms] [LOG] [Fast Refresh] rebuilding @ http://localhost:3000/_next/static/chunks/09q._next_dist_0hjurs0._.js:2431
[ 1154181ms] [LOG] [Fast Refresh] done in 367ms @ http://localhost:3000/_next/static/chunks/09q._next_dist_0hjurs0._.js:2431
[ 1154690ms] [WARNING] Please ensure that the container has a non-static position, like 'relative', 'fixed', or 'absolute' to ensure scroll offset is calculated correctly. @ http://localhost:3000/_next/static/chunks/09q._next_dist_0hjurs0._.js:2431
[ 1177460ms] [LOG] [Fast Refresh] rebuilding @ http://localhost:3000/_next/static/chunks/09q._next_dist_0hjurs0._.js:2431
[ 1177501ms] [LOG] [Fast Refresh] done in 36ms @ http://localhost:3000/_next/static/chunks/09q._next_dist_0hjurs0._.js:2431
